\BOOKMARK [1][-]{section*.1}{Versiebeheer}{}% 1
\BOOKMARK [1][-]{section.1}{Projectachtergrond}{}% 2
\BOOKMARK [2][-]{subsection.1.1}{Naam}{section.1}% 3
\BOOKMARK [2][-]{subsection.1.2}{Opdrachtgever}{section.1}% 4
\BOOKMARK [2][-]{subsection.1.3}{Opdrachtnemer}{section.1}% 5
\BOOKMARK [2][-]{subsection.1.4}{Geschiedenis}{section.1}% 6
\BOOKMARK [2][-]{subsection.1.5}{Stakeholders}{section.1}% 7
\BOOKMARK [2][-]{subsection.1.6}{Goedkeuring}{section.1}% 8
\BOOKMARK [1][-]{section.2}{Projectresultaat}{}% 9
\BOOKMARK [2][-]{subsection.2.1}{Doelstelling}{section.2}% 10
\BOOKMARK [2][-]{subsection.2.2}{Resultaat}{section.2}% 11
\BOOKMARK [1][-]{section.3}{Projectactiviteiten}{}% 12
\BOOKMARK [2][-]{subsection.3.1}{Besprekingen}{section.3}% 13
\BOOKMARK [2][-]{subsection.3.2}{Documentatie}{section.3}% 14
\BOOKMARK [2][-]{subsection.3.3}{Bijeenkomsten}{section.3}% 15
\BOOKMARK [1][-]{section.4}{Projectgrenzen}{}% 16
\BOOKMARK [2][-]{subsection.4.1}{Afbakening}{section.4}% 17
\BOOKMARK [2][-]{subsection.4.2}{Programma van Eisen}{section.4}% 18
\BOOKMARK [1][-]{section.5}{Kwaliteit}{}% 19
\BOOKMARK [2][-]{subsection.5.1}{Controle door de projectgroep}{section.5}% 20
\BOOKMARK [2][-]{subsection.5.2}{Controle door de opdrachtgever}{section.5}% 21
\BOOKMARK [2][-]{subsection.5.3}{Controle eindresultaat}{section.5}% 22
\BOOKMARK [1][-]{section.6}{Projectorganisatie}{}% 23
<<<<<<< HEAD
\BOOKMARK [2][-]{subsection.6.1}{Organisatie}{section.6}% 24
\BOOKMARK [2][-]{subsection.6.2}{Contactmomenten}{section.6}% 25
\BOOKMARK [1][-]{section.7}{Planning}{}% 26
=======
\BOOKMARK [1][-]{section.7}{Planning}{}% 24
>>>>>>> origin/master
